(node:47414) [DEP0169] DeprecationWarning: `url.parse()` behavior is not standardized and prone to errors that have security implications. Use the WHATWG URL API instead. CVEs are not issued for `url.parse()` vulnerabilities.
(Use `node --trace-deprecation ...` to show where the warning was created)
âś“ StitchyFlow Backend API running on port 5000
âś“ Environment: undefined
[0mGET /health [32m200[0m 6.782 ms - 54[0m
[0mGET /api/v1/admin/users [33m403[0m 1.598 ms - 64[0m
[0mPOST /api/v1/auth/login [33m401[0m 129.931 ms - 59[0m
Login error: Error: secretOrPrivateKey must have a value
    at module.exports [as sign] (/Users/NextGenMac/Downloads/Webapp/StitchyFlow/StitchyFlow/backend/node_modules/jsonwebtoken/sign.js:111:20)
    at /Users/NextGenMac/Downloads/Webapp/StitchyFlow/StitchyFlow/backend/routes/auth.routes.js:57:29
    at process.processTicksAndRejections (node:internal/process/task_queues:104:5)
[0mPOST /api/v1/auth/login [31m500[0m 96.278 ms - 76[0m
Login error: Error: secretOrPrivateKey must have a value
    at module.exports [as sign] (/Users/NextGenMac/Downloads/Webapp/StitchyFlow/StitchyFlow/backend/node_modules/jsonwebtoken/sign.js:111:20)
    at /Users/NextGenMac/Downloads/Webapp/StitchyFlow/StitchyFlow/backend/routes/auth.routes.js:57:29
    at process.processTicksAndRejections (node:internal/process/task_queues:104:5)
[0mPOST /api/v1/auth/login [31m500[0m 89.386 ms - 76[0m
[0mGET /api/v1/admin/users [33m403[0m 0.457 ms - 64[0m
Login error: Error: secretOrPrivateKey must have a value
    at module.exports [as sign] (/Users/NextGenMac/Downloads/Webapp/StitchyFlow/StitchyFlow/backend/node_modules/jsonwebtoken/sign.js:111:20)
    at /Users/NextGenMac/Downloads/Webapp/StitchyFlow/StitchyFlow/backend/routes/auth.routes.js:57:29
    at process.processTicksAndRejections (node:internal/process/task_queues:104:5)
[0mPOST /api/v1/auth/login [31m500[0m 139.590 ms - 76[0m
Login error: Error: secretOrPrivateKey must have a value
    at module.exports [as sign] (/Users/NextGenMac/Downloads/Webapp/StitchyFlow/StitchyFlow/backend/node_modules/jsonwebtoken/sign.js:111:20)
    at /Users/NextGenMac/Downloads/Webapp/StitchyFlow/StitchyFlow/backend/routes/auth.routes.js:57:29
    at process.processTicksAndRejections (node:internal/process/task_queues:104:5)
[0mPOST /api/v1/auth/login [31m500[0m 92.249 ms - 76[0m
Login error: Error: secretOrPrivateKey must have a value
    at module.exports [as sign] (/Users/NextGenMac/Downloads/Webapp/StitchyFlow/StitchyFlow/backend/node_modules/jsonwebtoken/sign.js:111:20)
    at /Users/NextGenMac/Downloads/Webapp/StitchyFlow/StitchyFlow/backend/routes/auth.routes.js:57:29
    at process.processTicksAndRejections (node:internal/process/task_queues:104:5)
[0mPOST /api/v1/auth/login [31m500[0m 221.705 ms - 76[0m
Login error: Error: secretOrPrivateKey must have a value
    at module.exports [as sign] (/Users/NextGenMac/Downloads/Webapp/StitchyFlow/StitchyFlow/backend/node_modules/jsonwebtoken/sign.js:111:20)
    at /Users/NextGenMac/Downloads/Webapp/StitchyFlow/StitchyFlow/backend/routes/auth.routes.js:57:29
    at process.processTicksAndRejections (node:internal/process/task_queues:104:5)
[0mPOST /api/v1/auth/login [31m500[0m 96.980 ms - 76[0m
[0mGET /api/v1/admin/users [33m403[0m 0.418 ms - 64[0m
